<?xml version="1.0" encoding="UTF-8"?>
<testng-results skipped="0" failed="0" ignored="0" total="1" passed="1">
  <reporter-output>
  </reporter-output>
  <suite name="Default suite" duration-ms="11112" started-at="2019-01-14T09:35:20Z" finished-at="2019-01-14T09:35:31Z">
    <groups>
    </groups>
    <test name="Default test" duration-ms="11112" started-at="2019-01-14T09:35:20Z" finished-at="2019-01-14T09:35:31Z">
      <class name="com.training.sanity.tests.LogoutTest">
        <test-method status="PASS" signature="setUpBeforeClass()[pri:0, instance:com.training.sanity.tests.LogoutTest@51565ec2]" name="setUpBeforeClass" is-config="true" duration-ms="4596" started-at="2019-01-14T15:05:20Z" finished-at="2019-01-14T15:05:25Z">
          <reporter-output>
          </reporter-output>
        </test-method> <!-- setUpBeforeClass -->
        <test-method status="PASS" signature="logoutcheck()[pri:0, instance:com.training.sanity.tests.LogoutTest@51565ec2]" name="logoutcheck" duration-ms="1861" started-at="2019-01-14T15:05:25Z" finished-at="2019-01-14T15:05:27Z">
          <reporter-output>
          </reporter-output>
        </test-method> <!-- logoutcheck -->
        <test-method status="PASS" signature="tearDown()[pri:0, instance:com.training.sanity.tests.LogoutTest@51565ec2]" name="tearDown" is-config="true" duration-ms="4622" started-at="2019-01-14T15:05:27Z" finished-at="2019-01-14T15:05:31Z">
          <reporter-output>
          </reporter-output>
        </test-method> <!-- tearDown -->
      </class> <!-- com.training.sanity.tests.LogoutTest -->
    </test> <!-- Default test -->
  </suite> <!-- Default suite -->
</testng-results>
