<?xml version="1.0" encoding="UTF-8"?>
<!-- Generated by org.testng.reporters.JUnitXMLReporter -->
<testsuite hostname="IBM109-PC0GHXE2" ignored="0" name="Default test" tests="5" failures="0" timestamp="23 Jan 2019 06:46:02 GMT" time="85.251" errors="0">
  <testcase name="checkAdminLogin" time="2.604" classname="com.training.sanity.tests.RemoveAdvert"/>
  <testcase name="clickManageAdvertBtn" time="34.582" classname="com.training.sanity.tests.RemoveAdvert"/>
  <testcase name="checkAdminLogout" time="0.258" classname="com.training.sanity.tests.RemoveAdvert"/>
  <testcase name="checkMemberLogin" time="2.874" classname="com.training.sanity.tests.RemoveAdvert"/>
  <testcase name="findadvert" time="30.726" classname="com.training.sanity.tests.RemoveAdvert"/>
</testsuite> <!-- Default test -->
