<?xml version="1.0" encoding="UTF-8"?>
<!-- Generated by org.testng.reporters.JUnitXMLReporter -->
<testsuite hostname="IBM109-PC0GHXE2" ignored="0" name="Default test" tests="4" failures="0" timestamp="01 Feb 2019 12:09:38 GMT" time="100.796" errors="0">
  <testcase name="checkAdminLogin" time="2.221" classname="com.training.sanity.tests.CheckAdvertInvalidValuesCYTC_070"/>
  <testcase name="addMultipleAvertisment" time="28.844" classname="com.training.sanity.tests.CheckAdvertInvalidValuesCYTC_070"/>
  <testcase name="addMultipleAvertisment" time="24.138" classname="com.training.sanity.tests.CheckAdvertInvalidValuesCYTC_070"/>
  <testcase name="addMultipleAvertisment" time="27.554" classname="com.training.sanity.tests.CheckAdvertInvalidValuesCYTC_070"/>
</testsuite> <!-- Default test -->
